<?xml version="1.0" encoding="UTF-8"?>
<coverage generated="1677118720425" clover="3.2.0">
  <project timestamp="1677118720425" name="All files">
    <metrics statements="29" coveredstatements="29" conditionals="15" coveredconditionals="15" methods="7" coveredmethods="7" elements="51" coveredelements="51" complexity="0" loc="29" ncloc="29" packages="2" files="2" classes="2"/>
    <package name="src">
      <metrics statements="3" coveredstatements="3" conditionals="0" coveredconditionals="0" methods="1" coveredmethods="1"/>
      <file name="index.tsx" path="C:\Users\dcont\Documents\hooks-now\src\index.tsx">
        <metrics statements="3" coveredstatements="3" conditionals="0" coveredconditionals="0" methods="1" coveredmethods="1"/>
        <line num="1" count="1" type="stmt"/>
        <line num="2" count="1" type="stmt"/>
        <line num="4" count="2" type="stmt"/>
      </file>
    </package>
    <package name="src.hooks">
      <metrics statements="26" coveredstatements="26" conditionals="15" coveredconditionals="15" methods="6" coveredmethods="6"/>
      <file name="FormateNumber.hook.ts" path="C:\Users\dcont\Documents\hooks-now\src\hooks\FormateNumber.hook.ts">
        <metrics statements="26" coveredstatements="26" conditionals="15" coveredconditionals="15" methods="6" coveredmethods="6"/>
        <line num="5" count="1" type="stmt"/>
        <line num="7" count="1" type="stmt"/>
        <line num="11" count="1" type="stmt"/>
        <line num="12" count="1" type="cond" truecount="2" falsecount="0"/>
        <line num="14" count="1" type="stmt"/>
        <line num="17" count="1" type="stmt"/>
        <line num="21" count="1" type="cond" truecount="2" falsecount="0"/>
        <line num="23" count="1" type="stmt"/>
        <line num="29" count="1" type="stmt"/>
        <line num="30" count="1" type="stmt"/>
        <line num="35" count="1" type="stmt"/>
        <line num="36" count="2" type="stmt"/>
        <line num="41" count="1" type="stmt"/>
        <line num="42" count="20" type="stmt"/>
        <line num="43" count="5" type="stmt"/>
        <line num="44" count="5" type="stmt"/>
        <line num="45" count="5" type="stmt"/>
        <line num="48" count="5" type="cond" truecount="2" falsecount="0"/>
        <line num="49" count="5" type="cond" truecount="2" falsecount="0"/>
        <line num="50" count="5" type="stmt"/>
        <line num="52" count="5" type="stmt"/>
        <line num="53" count="2" type="stmt"/>
        <line num="56" count="5" type="cond" truecount="2" falsecount="0"/>
        <line num="57" count="5" type="cond" truecount="1" falsecount="0"/>
        <line num="58" count="5" type="stmt"/>
        <line num="60" count="5" type="stmt"/>
      </file>
    </package>
  </project>
</coverage>
