TN:
SF:src\index.tsx
FN:4,(anonymous_0)
FNF:1
FNH:1
FNDA:1,(anonymous_0)
DA:1,1
DA:2,1
DA:4,2
LF:3
LH:3
BRF:0
BRH:0
end_of_record
TN:
SF:src\hooks\FormateNumber.hook.ts
FN:7,(anonymous_0)
FN:17,(anonymous_1)
FN:29,(anonymous_2)
FN:35,(anonymous_3)
FN:41,(anonymous_4)
FN:52,(anonymous_5)
FNF:6
FNH:6
FNDA:1,(anonymous_0)
FNDA:1,(anonymous_1)
FNDA:1,(anonymous_2)
FNDA:2,(anonymous_3)
FNDA:5,(anonymous_4)
FNDA:2,(anonymous_5)
DA:5,1
DA:7,1
DA:11,1
DA:12,1
DA:14,1
DA:17,1
DA:21,1
DA:23,1
DA:29,1
DA:30,1
DA:35,1
DA:36,2
DA:41,1
DA:42,20
DA:43,5
DA:44,5
DA:45,5
DA:48,5
DA:49,5
DA:50,5
DA:52,5
DA:53,2
DA:56,5
DA:57,5
DA:58,5
DA:60,5
LF:26
LH:26
BRDA:12,0,0,1
BRDA:12,0,1,1
BRDA:21,1,0,1
BRDA:21,1,1,1
BRDA:46,2,0,3
BRDA:46,2,1,2
BRDA:46,3,0,2
BRDA:46,3,1,1
BRDA:48,4,0,5
BRDA:48,4,1,3
BRDA:49,5,0,5
BRDA:49,5,1,3
BRDA:56,6,0,2
BRDA:56,6,1,3
BRDA:57,7,0,5
BRF:15
BRH:15
end_of_record
